<?xml version="1.0" encoding="UTF-8"?>
<!-- Generated by org.testng.reporters.JUnitXMLReporter -->
<testsuite hostname="DESKTOP-4LAGA66" name="RegressionTest" tests="5" failures="0" timestamp="29 Dec 2019 21:49:26 GMT" time="15.399" errors="0">
  <testcase name="HomeLinkpresentTestwithdataprovider" time="0.229" classname="com.HerokuApp.HomePageTest"/>
  <testcase name="HomeLinkpresentTestwithdataprovider" time="0.103" classname="com.HerokuApp.HomePageTest"/>
  <testcase name="HomeLinkpresentTestwithdataprovider" time="0.215" classname="com.HerokuApp.HomePageTest"/>
  <testcase name="HomeLinkpresentTestwithdataprovider" time="0.199" classname="com.HerokuApp.HomePageTest"/>
  <testcase name="HomeLinkpresentTestwithdataprovider" time="0.236" classname="com.HerokuApp.HomePageTest"/>
</testsuite> <!-- RegressionTest -->
