<?xml version="1.0" encoding="UTF-8"?>
<!-- Generated by org.testng.reporters.JUnitXMLReporter -->
<testsuite hostname="DESKTOP-4LAGA66" ignored="2" name="RewgressionTest" tests="1" failures="1" timestamp="29 Dec 2019 20:10:09 GMT" time="0.025" errors="0">
  <testcase name="HomeLinksCounttest" time="0.007" classname="com.HerokuApp.HomePageTest">
    <failure type="java.lang.NullPointerException">
      <![CDATA[java.lang.NullPointerException
at com.HerokuApp.HomePageTest.HomeLinksCounttest(HomePageTest.java:50)
... Removed 25 stack frames]]>
    </failure>
  </testcase> <!-- HomeLinksCounttest -->
  <testcase name="HomeLinkpresentTestwithdataprovider" time="0.0" classname="com.HerokuApp.HomePageTest">
    <ignored/>
  </testcase> <!-- HomeLinkpresentTestwithdataprovider -->
  <testcase name="HomeLinkpresenttest" time="0.0" classname="com.HerokuApp.HomePageTest">
    <ignored/>
  </testcase> <!-- HomeLinkpresenttest -->
</testsuite> <!-- RewgressionTest -->
