<?xml version="1.0" encoding="UTF-8"?>
<!-- Generated by org.testng.reporters.JUnitXMLReporter -->
<testsuite hostname="DESKTOP-4LAGA66" name="SmokeTest" tests="7" failures="0" timestamp="29 Dec 2019 23:23:22 GMT" time="11.458" errors="0">
  <testcase name="AomeLinksCounttest" time="0.06" classname="com.HerokuApp.HomePageTest"/>
  <testcase name="HomeLinkpresenttest" time="0.152" classname="com.HerokuApp.HomePageTest"/>
  <testcase name="HomeLinkpresentTestwithdataprovider" time="0.104" classname="com.HerokuApp.HomePageTest"/>
  <testcase name="HomeLinkpresentTestwithdataprovider" time="0.076" classname="com.HerokuApp.HomePageTest"/>
  <testcase name="HomeLinkpresentTestwithdataprovider" time="0.16" classname="com.HerokuApp.HomePageTest"/>
  <testcase name="HomeLinkpresentTestwithdataprovider" time="0.18" classname="com.HerokuApp.HomePageTest"/>
  <testcase name="HomeLinkpresentTestwithdataprovider" time="0.188" classname="com.HerokuApp.HomePageTest"/>
</testsuite> <!-- SmokeTest -->
