<?xml version="1.0" encoding="UTF-8"?>
<testng-results skipped="0" failed="0" total="7" passed="7">
  <reporter-output>
  </reporter-output>
  <suite name="RegressionSuite" duration-ms="9996" started-at="2019-12-29T23:30:44Z" finished-at="2019-12-29T23:30:54Z">
    <groups>
      <group name="regression">
        <method signature="HomePageTest.AomeLinksCounttest()[pri:1, instance:com.HerokuApp.HomePageTest@6537cf78]" name="AomeLinksCounttest" class="com.HerokuApp.HomePageTest"/>
        <method signature="HomePageTest.HomeLinkpresentTestwithdataprovider(java.lang.String)[pri:3, instance:com.HerokuApp.HomePageTest@6537cf78]" name="HomeLinkpresentTestwithdataprovider" class="com.HerokuApp.HomePageTest"/>
      </group> <!-- regression -->
      <group name="smoke">
        <method signature="HomePageTest.AomeLinksCounttest()[pri:1, instance:com.HerokuApp.HomePageTest@6537cf78]" name="AomeLinksCounttest" class="com.HerokuApp.HomePageTest"/>
        <method signature="HomePageTest.HomeLinkpresenttest()[pri:2, instance:com.HerokuApp.HomePageTest@6537cf78]" name="HomeLinkpresenttest" class="com.HerokuApp.HomePageTest"/>
      </group> <!-- smoke -->
      <group name="e2e">
        <method signature="HomePageTest.AomeLinksCounttest()[pri:1, instance:com.HerokuApp.HomePageTest@6537cf78]" name="AomeLinksCounttest" class="com.HerokuApp.HomePageTest"/>
      </group> <!-- e2e -->
    </groups>
    <test name="SmokeTest" duration-ms="9996" started-at="2019-12-29T23:30:44Z" finished-at="2019-12-29T23:30:54Z">
      <class name="com.HerokuApp.HomePageTest">
        <test-method status="PASS" signature="BSuite()[pri:0, instance:com.HerokuApp.HomePageTest@6537cf78]" name="BSuite" is-config="true" duration-ms="72" started-at="2019-12-30T05:00:43Z" finished-at="2019-12-30T05:00:44Z">
          <reporter-output>
          </reporter-output>
        </test-method> <!-- BSuite -->
        <test-method status="PASS" signature="cofigset(java.lang.String, java.lang.String)[pri:0, instance:com.HerokuApp.HomePageTest@6537cf78]" name="cofigset" is-config="true" duration-ms="8008" started-at="2019-12-30T05:00:44Z" finished-at="2019-12-30T05:00:52Z">
          <params>
            <param index="0">
              <value>
                <![CDATA[http://the-internet.herokuapp.com//]]>
              </value>
            </param>
            <param index="1">
              <value>
                <![CDATA[firefox]]>
              </value>
            </param>
          </params>
          <reporter-output>
          </reporter-output>
        </test-method> <!-- cofigset -->
        <test-method status="PASS" signature="Setup()[pri:0, instance:com.HerokuApp.HomePageTest@6537cf78]" name="Setup" is-config="true" duration-ms="20" started-at="2019-12-30T05:00:52Z" finished-at="2019-12-30T05:00:52Z">
          <reporter-output>
          </reporter-output>
        </test-method> <!-- Setup -->
        <test-method status="PASS" signature="AomeLinksCounttest()[pri:1, instance:com.HerokuApp.HomePageTest@6537cf78]" name="AomeLinksCounttest" duration-ms="44" started-at="2019-12-30T05:00:52Z" finished-at="2019-12-30T05:00:52Z">
          <reporter-output>
          </reporter-output>
        </test-method> <!-- AomeLinksCounttest -->
        <test-method status="PASS" signature="HomeLinkpresenttest()[pri:2, instance:com.HerokuApp.HomePageTest@6537cf78]" name="HomeLinkpresenttest" duration-ms="132" started-at="2019-12-30T05:00:52Z" finished-at="2019-12-30T05:00:52Z">
          <reporter-output>
          </reporter-output>
        </test-method> <!-- HomeLinkpresenttest -->
        <test-method status="PASS" signature="HomeLinkpresentTestwithdataprovider(java.lang.String)[pri:3, instance:com.HerokuApp.HomePageTest@6537cf78]" name="HomeLinkpresentTestwithdataprovider" duration-ms="104" started-at="2019-12-30T05:00:52Z" data-provider="getdata" finished-at="2019-12-30T05:00:52Z">
          <params>
            <param index="0">
              <value>
                <![CDATA[Dynamic Loading]]>
              </value>
            </param>
          </params>
          <reporter-output>
          </reporter-output>
        </test-method> <!-- HomeLinkpresentTestwithdataprovider -->
        <test-method status="PASS" signature="HomeLinkpresentTestwithdataprovider(java.lang.String)[pri:3, instance:com.HerokuApp.HomePageTest@6537cf78]" name="HomeLinkpresentTestwithdataprovider" duration-ms="80" started-at="2019-12-30T05:00:52Z" data-provider="getdata" finished-at="2019-12-30T05:00:52Z">
          <params>
            <param index="0">
              <value>
                <![CDATA[Drag and Drop]]>
              </value>
            </param>
          </params>
          <reporter-output>
          </reporter-output>
        </test-method> <!-- HomeLinkpresentTestwithdataprovider -->
        <test-method status="PASS" signature="HomeLinkpresentTestwithdataprovider(java.lang.String)[pri:3, instance:com.HerokuApp.HomePageTest@6537cf78]" name="HomeLinkpresentTestwithdataprovider" duration-ms="140" started-at="2019-12-30T05:00:52Z" data-provider="getdata" finished-at="2019-12-30T05:00:52Z">
          <params>
            <param index="0">
              <value>
                <![CDATA[Geolocation]]>
              </value>
            </param>
          </params>
          <reporter-output>
          </reporter-output>
        </test-method> <!-- HomeLinkpresentTestwithdataprovider -->
        <test-method status="PASS" signature="HomeLinkpresentTestwithdataprovider(java.lang.String)[pri:3, instance:com.HerokuApp.HomePageTest@6537cf78]" name="HomeLinkpresentTestwithdataprovider" duration-ms="160" started-at="2019-12-30T05:00:52Z" data-provider="getdata" finished-at="2019-12-30T05:00:52Z">
          <params>
            <param index="0">
              <value>
                <![CDATA[Infinite Scroll]]>
              </value>
            </param>
          </params>
          <reporter-output>
          </reporter-output>
        </test-method> <!-- HomeLinkpresentTestwithdataprovider -->
        <test-method status="PASS" signature="HomeLinkpresentTestwithdataprovider(java.lang.String)[pri:3, instance:com.HerokuApp.HomePageTest@6537cf78]" name="HomeLinkpresentTestwithdataprovider" duration-ms="180" started-at="2019-12-30T05:00:52Z" data-provider="getdata" finished-at="2019-12-30T05:00:52Z">
          <params>
            <param index="0">
              <value>
                <![CDATA[Key Presses]]>
              </value>
            </param>
          </params>
          <reporter-output>
          </reporter-output>
        </test-method> <!-- HomeLinkpresentTestwithdataprovider -->
        <test-method status="PASS" signature="Teardown()[pri:0, instance:com.HerokuApp.HomePageTest@6537cf78]" name="Teardown" is-config="true" duration-ms="1120" started-at="2019-12-30T05:00:52Z" finished-at="2019-12-30T05:00:54Z">
          <reporter-output>
          </reporter-output>
        </test-method> <!-- Teardown -->
        <test-method status="PASS" signature="cofigout()[pri:0, instance:com.HerokuApp.HomePageTest@6537cf78]" name="cofigout" is-config="true" duration-ms="0" started-at="2019-12-30T05:00:54Z" finished-at="2019-12-30T05:00:54Z">
          <reporter-output>
          </reporter-output>
        </test-method> <!-- cofigout -->
        <test-method status="PASS" signature="ASuite()[pri:0, instance:com.HerokuApp.HomePageTest@6537cf78]" name="ASuite" is-config="true" duration-ms="0" started-at="2019-12-30T05:00:54Z" finished-at="2019-12-30T05:00:54Z">
          <reporter-output>
          </reporter-output>
        </test-method> <!-- ASuite -->
      </class> <!-- com.HerokuApp.HomePageTest -->
    </test> <!-- SmokeTest -->
  </suite> <!-- RegressionSuite -->
</testng-results>
