<?xml version="1.0" encoding="UTF-8"?>
<!-- Generated by org.testng.reporters.JUnitXMLReporter -->
<testsuite hostname="DESKTOP-4LAGA66" name="SmokeTest" tests="7" failures="0" timestamp="29 Dec 2019 23:30:54 GMT" time="9.996" errors="0">
  <testcase name="AomeLinksCounttest" time="0.044" classname="com.HerokuApp.HomePageTest"/>
  <testcase name="HomeLinkpresenttest" time="0.132" classname="com.HerokuApp.HomePageTest"/>
  <testcase name="HomeLinkpresentTestwithdataprovider" time="0.104" classname="com.HerokuApp.HomePageTest"/>
  <testcase name="HomeLinkpresentTestwithdataprovider" time="0.08" classname="com.HerokuApp.HomePageTest"/>
  <testcase name="HomeLinkpresentTestwithdataprovider" time="0.14" classname="com.HerokuApp.HomePageTest"/>
  <testcase name="HomeLinkpresentTestwithdataprovider" time="0.16" classname="com.HerokuApp.HomePageTest"/>
  <testcase name="HomeLinkpresentTestwithdataprovider" time="0.18" classname="com.HerokuApp.HomePageTest"/>
</testsuite> <!-- SmokeTest -->
